[0.598s] Invoking command in '/local/mnt/workspace/fulan/demo_templ/qrb_ros_samples_fulan/ai_vision/sample_resnet101_quantized': AS=aarch64-qcom-linux-as CFLAGS= -O2 -pipe -g -feliminate-unused-debug-types CXXFLAGS= -O2 -pipe -g -feliminate-unused-debug-types PYTHONPATH=/local/mnt/workspace/fulan/demo_templ/qrb_ros_samples_fulan/ai_vision/sample_resnet101_quantized/build/sample_resnet101_quantized/prefix_override:/local/mnt/workspace/fulan/test/qirp-sdk/toolchain/install_dir/sysroots/x86_64-qcomsdk-linux/usr/lib/python3.12/site-packages/colcon_core/task/python/colcon_distutils_commands:/local/mnt/workspace/fulan/demo_templ/qrb_ros_samples_fulan/ai_vision/sample_resnet101_quantized/install/sample_resnet101_quantized/lib/python3.12/site-packages:${PYTHONPATH} _=/usr/bin/env /local/mnt/workspace/fulan/test/qirp-sdk/toolchain/install_dir/sysroots/x86_64-qcomsdk-linux/usr/bin/python3 -W ignore:setup.py install is deprecated setup.py egg_info --egg-base build/sample_resnet101_quantized build --build-base /local/mnt/workspace/fulan/demo_templ/qrb_ros_samples_fulan/ai_vision/sample_resnet101_quantized/build/sample_resnet101_quantized/build --executable /usr/bin/env python3 install --record /local/mnt/workspace/fulan/demo_templ/qrb_ros_samples_fulan/ai_vision/sample_resnet101_quantized/build/sample_resnet101_quantized/install.log --single-version-externally-managed install_data
[0.821s] running egg_info
[0.834s] writing build/sample_resnet101_quantized/sample_resnet101_quantized.egg-info/PKG-INFO
[0.834s] writing dependency_links to build/sample_resnet101_quantized/sample_resnet101_quantized.egg-info/dependency_links.txt
[0.835s] writing entry points to build/sample_resnet101_quantized/sample_resnet101_quantized.egg-info/entry_points.txt
[0.835s] writing requirements to build/sample_resnet101_quantized/sample_resnet101_quantized.egg-info/requires.txt
[0.835s] writing top-level names to build/sample_resnet101_quantized/sample_resnet101_quantized.egg-info/top_level.txt
[0.862s] reading manifest file 'build/sample_resnet101_quantized/sample_resnet101_quantized.egg-info/SOURCES.txt'
[0.863s] writing manifest file 'build/sample_resnet101_quantized/sample_resnet101_quantized.egg-info/SOURCES.txt'
[0.863s] running build
[0.863s] running build_py
[0.863s] copying sample_resnet101_quantized/qrb_ros_resnet101.py -> /local/mnt/workspace/fulan/demo_templ/qrb_ros_samples_fulan/ai_vision/sample_resnet101_quantized/build/sample_resnet101_quantized/build/lib/sample_resnet101_quantized
[0.863s] copying sample_resnet101_quantized/component.py -> /local/mnt/workspace/fulan/demo_templ/qrb_ros_samples_fulan/ai_vision/sample_resnet101_quantized/build/sample_resnet101_quantized/build/lib/sample_resnet101_quantized
[0.863s] copying sample_resnet101_quantized/__init__.py -> /local/mnt/workspace/fulan/demo_templ/qrb_ros_samples_fulan/ai_vision/sample_resnet101_quantized/build/sample_resnet101_quantized/build/lib/sample_resnet101_quantized
[0.864s] copying sample_resnet101_quantized/qrb_ros_resnet101_posprocess.py -> /local/mnt/workspace/fulan/demo_templ/qrb_ros_samples_fulan/ai_vision/sample_resnet101_quantized/build/sample_resnet101_quantized/build/lib/sample_resnet101_quantized
[0.864s] running install
[0.870s] running install_lib
[0.884s] running install_data
[0.884s] copying resource/sample_resnet101_quantized -> /local/mnt/workspace/fulan/demo_templ/qrb_ros_samples_fulan/ai_vision/sample_resnet101_quantized/install/sample_resnet101_quantized/share/ament_index/resource_index/packages
[0.884s] copying package.xml -> /local/mnt/workspace/fulan/demo_templ/qrb_ros_samples_fulan/ai_vision/sample_resnet101_quantized/install/sample_resnet101_quantized/share/sample_resnet101_quantized
[0.884s] copying resource/mouse.jpg -> /local/mnt/workspace/fulan/demo_templ/qrb_ros_samples_fulan/ai_vision/sample_resnet101_quantized/install/sample_resnet101_quantized/share/sample_resnet101_quantized
[0.884s] copying resource/cup.jpg -> /local/mnt/workspace/fulan/demo_templ/qrb_ros_samples_fulan/ai_vision/sample_resnet101_quantized/install/sample_resnet101_quantized/share/sample_resnet101_quantized
[0.886s] copying resource/glasses.jpg -> /local/mnt/workspace/fulan/demo_templ/qrb_ros_samples_fulan/ai_vision/sample_resnet101_quantized/install/sample_resnet101_quantized/share/sample_resnet101_quantized
[0.886s] copying sample_resnet101_quantized/qrb_ros_resnet101.py -> /local/mnt/workspace/fulan/demo_templ/qrb_ros_samples_fulan/ai_vision/sample_resnet101_quantized/install/sample_resnet101_quantized/lib/sample_resnet101_quantized
[0.886s] copying sample_resnet101_quantized/qrb_ros_resnet101_posprocess.py -> /local/mnt/workspace/fulan/demo_templ/qrb_ros_samples_fulan/ai_vision/sample_resnet101_quantized/install/sample_resnet101_quantized/lib/sample_resnet101_quantized
[0.886s] copying resource//input.txt -> /local/mnt/workspace/fulan/demo_templ/qrb_ros_samples_fulan/ai_vision/sample_resnet101_quantized/install/sample_resnet101_quantized/share/sample_resnet101_quantized
[0.886s] copying launch/launch_with_usbcam.py -> /local/mnt/workspace/fulan/demo_templ/qrb_ros_samples_fulan/ai_vision/sample_resnet101_quantized/install/sample_resnet101_quantized/share/sample_resnet101_quantized/launch
[0.887s] copying launch/launch_with_image_publisher.py -> /local/mnt/workspace/fulan/demo_templ/qrb_ros_samples_fulan/ai_vision/sample_resnet101_quantized/install/sample_resnet101_quantized/share/sample_resnet101_quantized/launch
[0.887s] error: can't copy ' launch_with_orbbec_camera.py': doesn't exist or not a regular file
[0.899s] Invoked command in '/local/mnt/workspace/fulan/demo_templ/qrb_ros_samples_fulan/ai_vision/sample_resnet101_quantized' returned '1': AS=aarch64-qcom-linux-as CFLAGS= -O2 -pipe -g -feliminate-unused-debug-types CXXFLAGS= -O2 -pipe -g -feliminate-unused-debug-types PYTHONPATH=/local/mnt/workspace/fulan/demo_templ/qrb_ros_samples_fulan/ai_vision/sample_resnet101_quantized/build/sample_resnet101_quantized/prefix_override:/local/mnt/workspace/fulan/test/qirp-sdk/toolchain/install_dir/sysroots/x86_64-qcomsdk-linux/usr/lib/python3.12/site-packages/colcon_core/task/python/colcon_distutils_commands:/local/mnt/workspace/fulan/demo_templ/qrb_ros_samples_fulan/ai_vision/sample_resnet101_quantized/install/sample_resnet101_quantized/lib/python3.12/site-packages:${PYTHONPATH} _=/usr/bin/env /local/mnt/workspace/fulan/test/qirp-sdk/toolchain/install_dir/sysroots/x86_64-qcomsdk-linux/usr/bin/python3 -W ignore:setup.py install is deprecated setup.py egg_info --egg-base build/sample_resnet101_quantized build --build-base /local/mnt/workspace/fulan/demo_templ/qrb_ros_samples_fulan/ai_vision/sample_resnet101_quantized/build/sample_resnet101_quantized/build --executable /usr/bin/env python3 install --record /local/mnt/workspace/fulan/demo_templ/qrb_ros_samples_fulan/ai_vision/sample_resnet101_quantized/build/sample_resnet101_quantized/install.log --single-version-externally-managed install_data
