running egg_info
creating build/sample_resnet101_quantized/sample_resnet101_quantized.egg-info
writing build/sample_resnet101_quantized/sample_resnet101_quantized.egg-info/PKG-INFO
writing dependency_links to build/sample_resnet101_quantized/sample_resnet101_quantized.egg-info/dependency_links.txt
writing entry points to build/sample_resnet101_quantized/sample_resnet101_quantized.egg-info/entry_points.txt
writing requirements to build/sample_resnet101_quantized/sample_resnet101_quantized.egg-info/requires.txt
writing top-level names to build/sample_resnet101_quantized/sample_resnet101_quantized.egg-info/top_level.txt
writing manifest file 'build/sample_resnet101_quantized/sample_resnet101_quantized.egg-info/SOURCES.txt'
reading manifest file 'build/sample_resnet101_quantized/sample_resnet101_quantized.egg-info/SOURCES.txt'
writing manifest file 'build/sample_resnet101_quantized/sample_resnet101_quantized.egg-info/SOURCES.txt'
running build
running build_py
creating /local/mnt/workspace/fulan/demo_templ/qrb_ros_samples_fulan/ai_vision/sample_resnet101_quantized/build/sample_resnet101_quantized/build
creating /local/mnt/workspace/fulan/demo_templ/qrb_ros_samples_fulan/ai_vision/sample_resnet101_quantized/build/sample_resnet101_quantized/build/lib
creating /local/mnt/workspace/fulan/demo_templ/qrb_ros_samples_fulan/ai_vision/sample_resnet101_quantized/build/sample_resnet101_quantized/build/lib/sample_resnet101_quantized
copying sample_resnet101_quantized/qrb_ros_resnet101.py -> /local/mnt/workspace/fulan/demo_templ/qrb_ros_samples_fulan/ai_vision/sample_resnet101_quantized/build/sample_resnet101_quantized/build/lib/sample_resnet101_quantized
copying sample_resnet101_quantized/component.py -> /local/mnt/workspace/fulan/demo_templ/qrb_ros_samples_fulan/ai_vision/sample_resnet101_quantized/build/sample_resnet101_quantized/build/lib/sample_resnet101_quantized
copying sample_resnet101_quantized/__init__.py -> /local/mnt/workspace/fulan/demo_templ/qrb_ros_samples_fulan/ai_vision/sample_resnet101_quantized/build/sample_resnet101_quantized/build/lib/sample_resnet101_quantized
copying sample_resnet101_quantized/qrb_ros_resnet101_posprocess.py -> /local/mnt/workspace/fulan/demo_templ/qrb_ros_samples_fulan/ai_vision/sample_resnet101_quantized/build/sample_resnet101_quantized/build/lib/sample_resnet101_quantized
running install
running install_lib
creating /local/mnt/workspace/fulan/demo_templ/qrb_ros_samples_fulan/ai_vision/sample_resnet101_quantized/install/sample_resnet101_quantized/lib/python3.12/site-packages/sample_resnet101_quantized
copying /local/mnt/workspace/fulan/demo_templ/qrb_ros_samples_fulan/ai_vision/sample_resnet101_quantized/build/sample_resnet101_quantized/build/lib/sample_resnet101_quantized/qrb_ros_resnet101.py -> /local/mnt/workspace/fulan/demo_templ/qrb_ros_samples_fulan/ai_vision/sample_resnet101_quantized/install/sample_resnet101_quantized/lib/python3.12/site-packages/sample_resnet101_quantized
copying /local/mnt/workspace/fulan/demo_templ/qrb_ros_samples_fulan/ai_vision/sample_resnet101_quantized/build/sample_resnet101_quantized/build/lib/sample_resnet101_quantized/component.py -> /local/mnt/workspace/fulan/demo_templ/qrb_ros_samples_fulan/ai_vision/sample_resnet101_quantized/install/sample_resnet101_quantized/lib/python3.12/site-packages/sample_resnet101_quantized
copying /local/mnt/workspace/fulan/demo_templ/qrb_ros_samples_fulan/ai_vision/sample_resnet101_quantized/build/sample_resnet101_quantized/build/lib/sample_resnet101_quantized/__init__.py -> /local/mnt/workspace/fulan/demo_templ/qrb_ros_samples_fulan/ai_vision/sample_resnet101_quantized/install/sample_resnet101_quantized/lib/python3.12/site-packages/sample_resnet101_quantized
copying /local/mnt/workspace/fulan/demo_templ/qrb_ros_samples_fulan/ai_vision/sample_resnet101_quantized/build/sample_resnet101_quantized/build/lib/sample_resnet101_quantized/qrb_ros_resnet101_posprocess.py -> /local/mnt/workspace/fulan/demo_templ/qrb_ros_samples_fulan/ai_vision/sample_resnet101_quantized/install/sample_resnet101_quantized/lib/python3.12/site-packages/sample_resnet101_quantized
byte-compiling /local/mnt/workspace/fulan/demo_templ/qrb_ros_samples_fulan/ai_vision/sample_resnet101_quantized/install/sample_resnet101_quantized/lib/python3.12/site-packages/sample_resnet101_quantized/qrb_ros_resnet101.py to qrb_ros_resnet101.cpython-312.pyc
byte-compiling /local/mnt/workspace/fulan/demo_templ/qrb_ros_samples_fulan/ai_vision/sample_resnet101_quantized/install/sample_resnet101_quantized/lib/python3.12/site-packages/sample_resnet101_quantized/component.py to component.cpython-312.pyc
byte-compiling /local/mnt/workspace/fulan/demo_templ/qrb_ros_samples_fulan/ai_vision/sample_resnet101_quantized/install/sample_resnet101_quantized/lib/python3.12/site-packages/sample_resnet101_quantized/__init__.py to __init__.cpython-312.pyc
byte-compiling /local/mnt/workspace/fulan/demo_templ/qrb_ros_samples_fulan/ai_vision/sample_resnet101_quantized/install/sample_resnet101_quantized/lib/python3.12/site-packages/sample_resnet101_quantized/qrb_ros_resnet101_posprocess.py to qrb_ros_resnet101_posprocess.cpython-312.pyc
running install_data
creating /local/mnt/workspace/fulan/demo_templ/qrb_ros_samples_fulan/ai_vision/sample_resnet101_quantized/install/sample_resnet101_quantized/share/ament_index
creating /local/mnt/workspace/fulan/demo_templ/qrb_ros_samples_fulan/ai_vision/sample_resnet101_quantized/install/sample_resnet101_quantized/share/ament_index/resource_index
creating /local/mnt/workspace/fulan/demo_templ/qrb_ros_samples_fulan/ai_vision/sample_resnet101_quantized/install/sample_resnet101_quantized/share/ament_index/resource_index/packages
copying resource/sample_resnet101_quantized -> /local/mnt/workspace/fulan/demo_templ/qrb_ros_samples_fulan/ai_vision/sample_resnet101_quantized/install/sample_resnet101_quantized/share/ament_index/resource_index/packages
copying package.xml -> /local/mnt/workspace/fulan/demo_templ/qrb_ros_samples_fulan/ai_vision/sample_resnet101_quantized/install/sample_resnet101_quantized/share/sample_resnet101_quantized
copying resource/mouse.jpg -> /local/mnt/workspace/fulan/demo_templ/qrb_ros_samples_fulan/ai_vision/sample_resnet101_quantized/install/sample_resnet101_quantized/share/sample_resnet101_quantized
copying resource/cup.jpg -> /local/mnt/workspace/fulan/demo_templ/qrb_ros_samples_fulan/ai_vision/sample_resnet101_quantized/install/sample_resnet101_quantized/share/sample_resnet101_quantized
copying resource/glasses.jpg -> /local/mnt/workspace/fulan/demo_templ/qrb_ros_samples_fulan/ai_vision/sample_resnet101_quantized/install/sample_resnet101_quantized/share/sample_resnet101_quantized
creating /local/mnt/workspace/fulan/demo_templ/qrb_ros_samples_fulan/ai_vision/sample_resnet101_quantized/install/sample_resnet101_quantized/lib/sample_resnet101_quantized
copying sample_resnet101_quantized/qrb_ros_resnet101.py -> /local/mnt/workspace/fulan/demo_templ/qrb_ros_samples_fulan/ai_vision/sample_resnet101_quantized/install/sample_resnet101_quantized/lib/sample_resnet101_quantized
copying sample_resnet101_quantized/qrb_ros_resnet101_posprocess.py -> /local/mnt/workspace/fulan/demo_templ/qrb_ros_samples_fulan/ai_vision/sample_resnet101_quantized/install/sample_resnet101_quantized/lib/sample_resnet101_quantized
copying resource//input.txt -> /local/mnt/workspace/fulan/demo_templ/qrb_ros_samples_fulan/ai_vision/sample_resnet101_quantized/install/sample_resnet101_quantized/share/sample_resnet101_quantized
creating /local/mnt/workspace/fulan/demo_templ/qrb_ros_samples_fulan/ai_vision/sample_resnet101_quantized/install/sample_resnet101_quantized/share/sample_resnet101_quantized/launch
copying launch/launch_with_usbcam.py -> /local/mnt/workspace/fulan/demo_templ/qrb_ros_samples_fulan/ai_vision/sample_resnet101_quantized/install/sample_resnet101_quantized/share/sample_resnet101_quantized/launch
copying launch/launch_with_image_publisher.py -> /local/mnt/workspace/fulan/demo_templ/qrb_ros_samples_fulan/ai_vision/sample_resnet101_quantized/install/sample_resnet101_quantized/share/sample_resnet101_quantized/launch
running install_egg_info
Copying build/sample_resnet101_quantized/sample_resnet101_quantized.egg-info to /local/mnt/workspace/fulan/demo_templ/qrb_ros_samples_fulan/ai_vision/sample_resnet101_quantized/install/sample_resnet101_quantized/lib/python3.12/site-packages/sample_resnet101_quantized-0.1.0-py3.12.egg-info
running install_scripts
Installing qrb_ros_resnet101 script to /local/mnt/workspace/fulan/demo_templ/qrb_ros_samples_fulan/ai_vision/sample_resnet101_quantized/install/sample_resnet101_quantized/lib/sample_resnet101_quantized
Installing qrb_ros_resnet101_posprocess script to /local/mnt/workspace/fulan/demo_templ/qrb_ros_samples_fulan/ai_vision/sample_resnet101_quantized/install/sample_resnet101_quantized/lib/sample_resnet101_quantized
writing list of installed files to '/local/mnt/workspace/fulan/demo_templ/qrb_ros_samples_fulan/ai_vision/sample_resnet101_quantized/build/sample_resnet101_quantized/install.log'
