[1.185s] Invoking command in '/local/mnt/workspace/fulan/demo_templ/qrb_ros_samples_fulan/ai_vision/sample_resnet101_quantized': AS=aarch64-qcom-linux-as CFLAGS= -O2 -pipe -g -feliminate-unused-debug-types CXXFLAGS= -O2 -pipe -g -feliminate-unused-debug-types PYTHONPATH=/local/mnt/workspace/fulan/demo_templ/qrb_ros_samples_fulan/ai_vision/sample_resnet101_quantized/build/sample_resnet101_quantized/prefix_override:/local/mnt/workspace/fulan/test/qirp-sdk/toolchain/install_dir/sysroots/x86_64-qcomsdk-linux/usr/lib/python3.12/site-packages/colcon_core/task/python/colcon_distutils_commands:/local/mnt/workspace/fulan/demo_templ/qrb_ros_samples_fulan/ai_vision/sample_resnet101_quantized/install/sample_resnet101_quantized/lib/python3.12/site-packages:${PYTHONPATH} _=/usr/bin/env /local/mnt/workspace/fulan/test/qirp-sdk/toolchain/install_dir/sysroots/x86_64-qcomsdk-linux/usr/bin/python3 -W ignore:setup.py install is deprecated setup.py egg_info --egg-base build/sample_resnet101_quantized build --build-base /local/mnt/workspace/fulan/demo_templ/qrb_ros_samples_fulan/ai_vision/sample_resnet101_quantized/build/sample_resnet101_quantized/build --executable /usr/bin/env python3 install --record /local/mnt/workspace/fulan/demo_templ/qrb_ros_samples_fulan/ai_vision/sample_resnet101_quantized/build/sample_resnet101_quantized/install.log --single-version-externally-managed install_data
[1.406s] running egg_info
[1.406s] creating build/sample_resnet101_quantized/sample_resnet101_quantized.egg-info
[1.419s] writing build/sample_resnet101_quantized/sample_resnet101_quantized.egg-info/PKG-INFO
[1.419s] writing dependency_links to build/sample_resnet101_quantized/sample_resnet101_quantized.egg-info/dependency_links.txt
[1.419s] writing entry points to build/sample_resnet101_quantized/sample_resnet101_quantized.egg-info/entry_points.txt
[1.419s] writing requirements to build/sample_resnet101_quantized/sample_resnet101_quantized.egg-info/requires.txt
[1.419s] writing top-level names to build/sample_resnet101_quantized/sample_resnet101_quantized.egg-info/top_level.txt
[1.420s] writing manifest file 'build/sample_resnet101_quantized/sample_resnet101_quantized.egg-info/SOURCES.txt'
[1.446s] reading manifest file 'build/sample_resnet101_quantized/sample_resnet101_quantized.egg-info/SOURCES.txt'
[1.447s] writing manifest file 'build/sample_resnet101_quantized/sample_resnet101_quantized.egg-info/SOURCES.txt'
[1.447s] running build
[1.447s] running build_py
[1.447s] creating /local/mnt/workspace/fulan/demo_templ/qrb_ros_samples_fulan/ai_vision/sample_resnet101_quantized/build/sample_resnet101_quantized/build
[1.447s] creating /local/mnt/workspace/fulan/demo_templ/qrb_ros_samples_fulan/ai_vision/sample_resnet101_quantized/build/sample_resnet101_quantized/build/lib
[1.447s] creating /local/mnt/workspace/fulan/demo_templ/qrb_ros_samples_fulan/ai_vision/sample_resnet101_quantized/build/sample_resnet101_quantized/build/lib/sample_resnet101_quantized
[1.447s] copying sample_resnet101_quantized/qrb_ros_resnet101.py -> /local/mnt/workspace/fulan/demo_templ/qrb_ros_samples_fulan/ai_vision/sample_resnet101_quantized/build/sample_resnet101_quantized/build/lib/sample_resnet101_quantized
[1.448s] copying sample_resnet101_quantized/component.py -> /local/mnt/workspace/fulan/demo_templ/qrb_ros_samples_fulan/ai_vision/sample_resnet101_quantized/build/sample_resnet101_quantized/build/lib/sample_resnet101_quantized
[1.448s] copying sample_resnet101_quantized/__init__.py -> /local/mnt/workspace/fulan/demo_templ/qrb_ros_samples_fulan/ai_vision/sample_resnet101_quantized/build/sample_resnet101_quantized/build/lib/sample_resnet101_quantized
[1.448s] copying sample_resnet101_quantized/qrb_ros_resnet101_posprocess.py -> /local/mnt/workspace/fulan/demo_templ/qrb_ros_samples_fulan/ai_vision/sample_resnet101_quantized/build/sample_resnet101_quantized/build/lib/sample_resnet101_quantized
[1.448s] running install
[1.454s] running install_lib
[1.467s] creating /local/mnt/workspace/fulan/demo_templ/qrb_ros_samples_fulan/ai_vision/sample_resnet101_quantized/install/sample_resnet101_quantized/lib/python3.12/site-packages/sample_resnet101_quantized
[1.467s] copying /local/mnt/workspace/fulan/demo_templ/qrb_ros_samples_fulan/ai_vision/sample_resnet101_quantized/build/sample_resnet101_quantized/build/lib/sample_resnet101_quantized/qrb_ros_resnet101.py -> /local/mnt/workspace/fulan/demo_templ/qrb_ros_samples_fulan/ai_vision/sample_resnet101_quantized/install/sample_resnet101_quantized/lib/python3.12/site-packages/sample_resnet101_quantized
[1.467s] copying /local/mnt/workspace/fulan/demo_templ/qrb_ros_samples_fulan/ai_vision/sample_resnet101_quantized/build/sample_resnet101_quantized/build/lib/sample_resnet101_quantized/component.py -> /local/mnt/workspace/fulan/demo_templ/qrb_ros_samples_fulan/ai_vision/sample_resnet101_quantized/install/sample_resnet101_quantized/lib/python3.12/site-packages/sample_resnet101_quantized
[1.468s] copying /local/mnt/workspace/fulan/demo_templ/qrb_ros_samples_fulan/ai_vision/sample_resnet101_quantized/build/sample_resnet101_quantized/build/lib/sample_resnet101_quantized/__init__.py -> /local/mnt/workspace/fulan/demo_templ/qrb_ros_samples_fulan/ai_vision/sample_resnet101_quantized/install/sample_resnet101_quantized/lib/python3.12/site-packages/sample_resnet101_quantized
[1.468s] copying /local/mnt/workspace/fulan/demo_templ/qrb_ros_samples_fulan/ai_vision/sample_resnet101_quantized/build/sample_resnet101_quantized/build/lib/sample_resnet101_quantized/qrb_ros_resnet101_posprocess.py -> /local/mnt/workspace/fulan/demo_templ/qrb_ros_samples_fulan/ai_vision/sample_resnet101_quantized/install/sample_resnet101_quantized/lib/python3.12/site-packages/sample_resnet101_quantized
[1.468s] byte-compiling /local/mnt/workspace/fulan/demo_templ/qrb_ros_samples_fulan/ai_vision/sample_resnet101_quantized/install/sample_resnet101_quantized/lib/python3.12/site-packages/sample_resnet101_quantized/qrb_ros_resnet101.py to qrb_ros_resnet101.cpython-312.pyc
[1.468s] byte-compiling /local/mnt/workspace/fulan/demo_templ/qrb_ros_samples_fulan/ai_vision/sample_resnet101_quantized/install/sample_resnet101_quantized/lib/python3.12/site-packages/sample_resnet101_quantized/component.py to component.cpython-312.pyc
[1.469s] byte-compiling /local/mnt/workspace/fulan/demo_templ/qrb_ros_samples_fulan/ai_vision/sample_resnet101_quantized/install/sample_resnet101_quantized/lib/python3.12/site-packages/sample_resnet101_quantized/__init__.py to __init__.cpython-312.pyc
[1.469s] byte-compiling /local/mnt/workspace/fulan/demo_templ/qrb_ros_samples_fulan/ai_vision/sample_resnet101_quantized/install/sample_resnet101_quantized/lib/python3.12/site-packages/sample_resnet101_quantized/qrb_ros_resnet101_posprocess.py to qrb_ros_resnet101_posprocess.cpython-312.pyc
[1.469s] running install_data
[1.470s] creating /local/mnt/workspace/fulan/demo_templ/qrb_ros_samples_fulan/ai_vision/sample_resnet101_quantized/install/sample_resnet101_quantized/share/ament_index
[1.470s] creating /local/mnt/workspace/fulan/demo_templ/qrb_ros_samples_fulan/ai_vision/sample_resnet101_quantized/install/sample_resnet101_quantized/share/ament_index/resource_index
[1.470s] creating /local/mnt/workspace/fulan/demo_templ/qrb_ros_samples_fulan/ai_vision/sample_resnet101_quantized/install/sample_resnet101_quantized/share/ament_index/resource_index/packages
[1.470s] copying resource/sample_resnet101_quantized -> /local/mnt/workspace/fulan/demo_templ/qrb_ros_samples_fulan/ai_vision/sample_resnet101_quantized/install/sample_resnet101_quantized/share/ament_index/resource_index/packages
[1.470s] copying package.xml -> /local/mnt/workspace/fulan/demo_templ/qrb_ros_samples_fulan/ai_vision/sample_resnet101_quantized/install/sample_resnet101_quantized/share/sample_resnet101_quantized
[1.470s] copying resource/mouse.jpg -> /local/mnt/workspace/fulan/demo_templ/qrb_ros_samples_fulan/ai_vision/sample_resnet101_quantized/install/sample_resnet101_quantized/share/sample_resnet101_quantized
[1.470s] copying resource/cup.jpg -> /local/mnt/workspace/fulan/demo_templ/qrb_ros_samples_fulan/ai_vision/sample_resnet101_quantized/install/sample_resnet101_quantized/share/sample_resnet101_quantized
[1.472s] copying resource/glasses.jpg -> /local/mnt/workspace/fulan/demo_templ/qrb_ros_samples_fulan/ai_vision/sample_resnet101_quantized/install/sample_resnet101_quantized/share/sample_resnet101_quantized
[1.472s] creating /local/mnt/workspace/fulan/demo_templ/qrb_ros_samples_fulan/ai_vision/sample_resnet101_quantized/install/sample_resnet101_quantized/lib/sample_resnet101_quantized
[1.472s] copying sample_resnet101_quantized/qrb_ros_resnet101.py -> /local/mnt/workspace/fulan/demo_templ/qrb_ros_samples_fulan/ai_vision/sample_resnet101_quantized/install/sample_resnet101_quantized/lib/sample_resnet101_quantized
[1.472s] copying sample_resnet101_quantized/qrb_ros_resnet101_posprocess.py -> /local/mnt/workspace/fulan/demo_templ/qrb_ros_samples_fulan/ai_vision/sample_resnet101_quantized/install/sample_resnet101_quantized/lib/sample_resnet101_quantized
[1.472s] copying resource//input.txt -> /local/mnt/workspace/fulan/demo_templ/qrb_ros_samples_fulan/ai_vision/sample_resnet101_quantized/install/sample_resnet101_quantized/share/sample_resnet101_quantized
[1.472s] creating /local/mnt/workspace/fulan/demo_templ/qrb_ros_samples_fulan/ai_vision/sample_resnet101_quantized/install/sample_resnet101_quantized/share/sample_resnet101_quantized/launch
[1.472s] copying launch/launch_with_usbcam.py -> /local/mnt/workspace/fulan/demo_templ/qrb_ros_samples_fulan/ai_vision/sample_resnet101_quantized/install/sample_resnet101_quantized/share/sample_resnet101_quantized/launch
[1.472s] copying launch/launch_with_image_publisher.py -> /local/mnt/workspace/fulan/demo_templ/qrb_ros_samples_fulan/ai_vision/sample_resnet101_quantized/install/sample_resnet101_quantized/share/sample_resnet101_quantized/launch
[1.472s] running install_egg_info
[1.487s] Copying build/sample_resnet101_quantized/sample_resnet101_quantized.egg-info to /local/mnt/workspace/fulan/demo_templ/qrb_ros_samples_fulan/ai_vision/sample_resnet101_quantized/install/sample_resnet101_quantized/lib/python3.12/site-packages/sample_resnet101_quantized-0.1.0-py3.12.egg-info
[1.487s] running install_scripts
[1.572s] Installing qrb_ros_resnet101 script to /local/mnt/workspace/fulan/demo_templ/qrb_ros_samples_fulan/ai_vision/sample_resnet101_quantized/install/sample_resnet101_quantized/lib/sample_resnet101_quantized
[1.572s] Installing qrb_ros_resnet101_posprocess script to /local/mnt/workspace/fulan/demo_templ/qrb_ros_samples_fulan/ai_vision/sample_resnet101_quantized/install/sample_resnet101_quantized/lib/sample_resnet101_quantized
[1.572s] writing list of installed files to '/local/mnt/workspace/fulan/demo_templ/qrb_ros_samples_fulan/ai_vision/sample_resnet101_quantized/build/sample_resnet101_quantized/install.log'
[1.590s] Invoked command in '/local/mnt/workspace/fulan/demo_templ/qrb_ros_samples_fulan/ai_vision/sample_resnet101_quantized' returned '0': AS=aarch64-qcom-linux-as CFLAGS= -O2 -pipe -g -feliminate-unused-debug-types CXXFLAGS= -O2 -pipe -g -feliminate-unused-debug-types PYTHONPATH=/local/mnt/workspace/fulan/demo_templ/qrb_ros_samples_fulan/ai_vision/sample_resnet101_quantized/build/sample_resnet101_quantized/prefix_override:/local/mnt/workspace/fulan/test/qirp-sdk/toolchain/install_dir/sysroots/x86_64-qcomsdk-linux/usr/lib/python3.12/site-packages/colcon_core/task/python/colcon_distutils_commands:/local/mnt/workspace/fulan/demo_templ/qrb_ros_samples_fulan/ai_vision/sample_resnet101_quantized/install/sample_resnet101_quantized/lib/python3.12/site-packages:${PYTHONPATH} _=/usr/bin/env /local/mnt/workspace/fulan/test/qirp-sdk/toolchain/install_dir/sysroots/x86_64-qcomsdk-linux/usr/bin/python3 -W ignore:setup.py install is deprecated setup.py egg_info --egg-base build/sample_resnet101_quantized build --build-base /local/mnt/workspace/fulan/demo_templ/qrb_ros_samples_fulan/ai_vision/sample_resnet101_quantized/build/sample_resnet101_quantized/build --executable /usr/bin/env python3 install --record /local/mnt/workspace/fulan/demo_templ/qrb_ros_samples_fulan/ai_vision/sample_resnet101_quantized/build/sample_resnet101_quantized/install.log --single-version-externally-managed install_data
