[0.007s] Invoking command in '/local/mnt/workspace/fulan/demo_templ/qrb_ros_samples_fulan/robotics/sample_apriltag/build/sample_apriltag': AS=aarch64-qcom-linux-as CFLAGS= -O2 -pipe -g -feliminate-unused-debug-types CMAKE_PREFIX_PATH=/local/mnt/workspace/fulan/test/qirp-sdk/toolchain/install_dir/sysroots/x86_64-qcomsdk-linux/usr:/local/mnt/workspace/fulan/test/qirp-sdk/toolchain/install_dir/sysroots/armv8-2a-qcom-linux/usr CXXFLAGS= -O2 -pipe -g -feliminate-unused-debug-types _=/usr/bin/env /local/mnt/workspace/fulan/test/qirp-sdk/toolchain/install_dir/sysroots/x86_64-qcomsdk-linux/usr/bin/cmake /local/mnt/workspace/fulan/demo_templ/qrb_ros_samples_fulan/robotics/sample_apriltag -DCMAKE_INSTALL_PREFIX=/local/mnt/workspace/fulan/demo_templ/qrb_ros_samples_fulan/robotics/sample_apriltag/install/sample_apriltag
[0.788s] -- The C compiler identification is GNU 13.3.0
[1.597s] -- The CXX compiler identification is GNU 13.3.0
[1.618s] -- Detecting C compiler ABI info
[1.696s] -- Detecting C compiler ABI info - done
[1.704s] -- Check for working C compiler: /local/mnt/workspace/fulan/test/qirp-sdk/toolchain/install_dir/sysroots/x86_64-qcomsdk-linux/usr/bin/aarch64-qcom-linux/aarch64-qcom-linux-gcc - skipped
[1.726s] -- Detecting C compile features
[1.727s] -- Detecting C compile features - done
[1.735s] -- Detecting CXX compiler ABI info
[1.837s] -- Detecting CXX compiler ABI info - done
[1.852s] -- Check for working CXX compiler: /local/mnt/workspace/fulan/test/qirp-sdk/toolchain/install_dir/sysroots/x86_64-qcomsdk-linux/usr/bin/aarch64-qcom-linux/aarch64-qcom-linux-g++ - skipped
[1.853s] -- Detecting CXX compile features
[1.853s] -- Detecting CXX compile features - done
[2.265s] -- Found ament_cmake_auto: 2.5.2 (/local/mnt/workspace/fulan/test/qirp-sdk/toolchain/install_dir/sysroots/armv8-2a-qcom-linux/usr/share/ament_cmake_auto/cmake)
[2.806s] -- Found Python3: /local/mnt/workspace/fulan/test/qirp-sdk/toolchain/install_dir/sysroots/x86_64-qcomsdk-linux/usr/bin/python3 (found version "3.12.9") found components: Interpreter 
[3.061s] -- Configuring done (3.0s)
[3.063s] -- Generating done (0.0s)
[3.063s] -- Build files have been written to: /local/mnt/workspace/fulan/demo_templ/qrb_ros_samples_fulan/robotics/sample_apriltag/build/sample_apriltag
[3.067s] Invoked command in '/local/mnt/workspace/fulan/demo_templ/qrb_ros_samples_fulan/robotics/sample_apriltag/build/sample_apriltag' returned '0': AS=aarch64-qcom-linux-as CFLAGS= -O2 -pipe -g -feliminate-unused-debug-types CMAKE_PREFIX_PATH=/local/mnt/workspace/fulan/test/qirp-sdk/toolchain/install_dir/sysroots/x86_64-qcomsdk-linux/usr:/local/mnt/workspace/fulan/test/qirp-sdk/toolchain/install_dir/sysroots/armv8-2a-qcom-linux/usr CXXFLAGS= -O2 -pipe -g -feliminate-unused-debug-types _=/usr/bin/env /local/mnt/workspace/fulan/test/qirp-sdk/toolchain/install_dir/sysroots/x86_64-qcomsdk-linux/usr/bin/cmake /local/mnt/workspace/fulan/demo_templ/qrb_ros_samples_fulan/robotics/sample_apriltag -DCMAKE_INSTALL_PREFIX=/local/mnt/workspace/fulan/demo_templ/qrb_ros_samples_fulan/robotics/sample_apriltag/install/sample_apriltag
[3.067s] Invoking command in '/local/mnt/workspace/fulan/demo_templ/qrb_ros_samples_fulan/robotics/sample_apriltag/build/sample_apriltag': AS=aarch64-qcom-linux-as CFLAGS= -O2 -pipe -g -feliminate-unused-debug-types CMAKE_PREFIX_PATH=/local/mnt/workspace/fulan/test/qirp-sdk/toolchain/install_dir/sysroots/x86_64-qcomsdk-linux/usr:/local/mnt/workspace/fulan/test/qirp-sdk/toolchain/install_dir/sysroots/armv8-2a-qcom-linux/usr CXXFLAGS= -O2 -pipe -g -feliminate-unused-debug-types _=/usr/bin/env /local/mnt/workspace/fulan/test/qirp-sdk/toolchain/install_dir/sysroots/x86_64-qcomsdk-linux/usr/bin/cmake --build /local/mnt/workspace/fulan/demo_templ/qrb_ros_samples_fulan/robotics/sample_apriltag/build/sample_apriltag -- -j16 -l16
[3.079s] Invoked command in '/local/mnt/workspace/fulan/demo_templ/qrb_ros_samples_fulan/robotics/sample_apriltag/build/sample_apriltag' returned '0': AS=aarch64-qcom-linux-as CFLAGS= -O2 -pipe -g -feliminate-unused-debug-types CMAKE_PREFIX_PATH=/local/mnt/workspace/fulan/test/qirp-sdk/toolchain/install_dir/sysroots/x86_64-qcomsdk-linux/usr:/local/mnt/workspace/fulan/test/qirp-sdk/toolchain/install_dir/sysroots/armv8-2a-qcom-linux/usr CXXFLAGS= -O2 -pipe -g -feliminate-unused-debug-types _=/usr/bin/env /local/mnt/workspace/fulan/test/qirp-sdk/toolchain/install_dir/sysroots/x86_64-qcomsdk-linux/usr/bin/cmake --build /local/mnt/workspace/fulan/demo_templ/qrb_ros_samples_fulan/robotics/sample_apriltag/build/sample_apriltag -- -j16 -l16
[3.092s] Invoking command in '/local/mnt/workspace/fulan/demo_templ/qrb_ros_samples_fulan/robotics/sample_apriltag/build/sample_apriltag': AS=aarch64-qcom-linux-as CFLAGS= -O2 -pipe -g -feliminate-unused-debug-types CMAKE_PREFIX_PATH=/local/mnt/workspace/fulan/test/qirp-sdk/toolchain/install_dir/sysroots/x86_64-qcomsdk-linux/usr:/local/mnt/workspace/fulan/test/qirp-sdk/toolchain/install_dir/sysroots/armv8-2a-qcom-linux/usr CXXFLAGS= -O2 -pipe -g -feliminate-unused-debug-types _=/usr/bin/env /local/mnt/workspace/fulan/test/qirp-sdk/toolchain/install_dir/sysroots/x86_64-qcomsdk-linux/usr/bin/cmake --install /local/mnt/workspace/fulan/demo_templ/qrb_ros_samples_fulan/robotics/sample_apriltag/build/sample_apriltag
[3.094s] -- Install configuration: ""
[3.094s] -- Installing: /local/mnt/workspace/fulan/demo_templ/qrb_ros_samples_fulan/robotics/sample_apriltag/install/sample_apriltag/share/sample_apriltag/launch
[3.094s] -- Installing: /local/mnt/workspace/fulan/demo_templ/qrb_ros_samples_fulan/robotics/sample_apriltag/install/sample_apriltag/share/sample_apriltag/launch/sample_apriltag_v4l2.launch.py
[3.094s] -- Installing: /local/mnt/workspace/fulan/demo_templ/qrb_ros_samples_fulan/robotics/sample_apriltag/install/sample_apriltag/share/sample_apriltag/launch/sample_apriltag.launch.py
[3.094s] -- Installing: /local/mnt/workspace/fulan/demo_templ/qrb_ros_samples_fulan/robotics/sample_apriltag/install/sample_apriltag/share/sample_apriltag/config
[3.094s] -- Installing: /local/mnt/workspace/fulan/demo_templ/qrb_ros_samples_fulan/robotics/sample_apriltag/install/sample_apriltag/share/sample_apriltag/config/realsense_depth_435i_640x480.yaml
[3.095s] -- Installing: /local/mnt/workspace/fulan/demo_templ/qrb_ros_samples_fulan/robotics/sample_apriltag/install/sample_apriltag/share/sample_apriltag/config/realsense_depth_435i_1920x1080.yaml
[3.095s] -- Installing: /local/mnt/workspace/fulan/demo_templ/qrb_ros_samples_fulan/robotics/sample_apriltag/install/sample_apriltag/share/sample_apriltag/config/tags_41h12.yaml
[3.095s] -- Installing: /local/mnt/workspace/fulan/demo_templ/qrb_ros_samples_fulan/robotics/sample_apriltag/install/sample_apriltag/share/ament_index/resource_index/package_run_dependencies/sample_apriltag
[3.095s] -- Installing: /local/mnt/workspace/fulan/demo_templ/qrb_ros_samples_fulan/robotics/sample_apriltag/install/sample_apriltag/share/ament_index/resource_index/parent_prefix_path/sample_apriltag
[3.095s] -- Installing: /local/mnt/workspace/fulan/demo_templ/qrb_ros_samples_fulan/robotics/sample_apriltag/install/sample_apriltag/share/sample_apriltag/environment/ament_prefix_path.sh
[3.095s] -- Installing: /local/mnt/workspace/fulan/demo_templ/qrb_ros_samples_fulan/robotics/sample_apriltag/install/sample_apriltag/share/sample_apriltag/environment/ament_prefix_path.dsv
[3.095s] -- Installing: /local/mnt/workspace/fulan/demo_templ/qrb_ros_samples_fulan/robotics/sample_apriltag/install/sample_apriltag/share/sample_apriltag/environment/path.sh
[3.095s] -- Installing: /local/mnt/workspace/fulan/demo_templ/qrb_ros_samples_fulan/robotics/sample_apriltag/install/sample_apriltag/share/sample_apriltag/environment/path.dsv
[3.095s] -- Installing: /local/mnt/workspace/fulan/demo_templ/qrb_ros_samples_fulan/robotics/sample_apriltag/install/sample_apriltag/share/sample_apriltag/local_setup.bash
[3.095s] -- Installing: /local/mnt/workspace/fulan/demo_templ/qrb_ros_samples_fulan/robotics/sample_apriltag/install/sample_apriltag/share/sample_apriltag/local_setup.sh
[3.095s] -- Installing: /local/mnt/workspace/fulan/demo_templ/qrb_ros_samples_fulan/robotics/sample_apriltag/install/sample_apriltag/share/sample_apriltag/local_setup.zsh
[3.095s] -- Installing: /local/mnt/workspace/fulan/demo_templ/qrb_ros_samples_fulan/robotics/sample_apriltag/install/sample_apriltag/share/sample_apriltag/local_setup.dsv
[3.096s] -- Installing: /local/mnt/workspace/fulan/demo_templ/qrb_ros_samples_fulan/robotics/sample_apriltag/install/sample_apriltag/share/sample_apriltag/package.dsv
[3.096s] -- Installing: /local/mnt/workspace/fulan/demo_templ/qrb_ros_samples_fulan/robotics/sample_apriltag/install/sample_apriltag/share/ament_index/resource_index/packages/sample_apriltag
[3.096s] -- Installing: /local/mnt/workspace/fulan/demo_templ/qrb_ros_samples_fulan/robotics/sample_apriltag/install/sample_apriltag/share/sample_apriltag/cmake/sample_apriltagConfig.cmake
[3.096s] -- Installing: /local/mnt/workspace/fulan/demo_templ/qrb_ros_samples_fulan/robotics/sample_apriltag/install/sample_apriltag/share/sample_apriltag/cmake/sample_apriltagConfig-version.cmake
[3.096s] -- Installing: /local/mnt/workspace/fulan/demo_templ/qrb_ros_samples_fulan/robotics/sample_apriltag/install/sample_apriltag/share/sample_apriltag/package.xml
[3.096s] Invoked command in '/local/mnt/workspace/fulan/demo_templ/qrb_ros_samples_fulan/robotics/sample_apriltag/build/sample_apriltag' returned '0': AS=aarch64-qcom-linux-as CFLAGS= -O2 -pipe -g -feliminate-unused-debug-types CMAKE_PREFIX_PATH=/local/mnt/workspace/fulan/test/qirp-sdk/toolchain/install_dir/sysroots/x86_64-qcomsdk-linux/usr:/local/mnt/workspace/fulan/test/qirp-sdk/toolchain/install_dir/sysroots/armv8-2a-qcom-linux/usr CXXFLAGS= -O2 -pipe -g -feliminate-unused-debug-types _=/usr/bin/env /local/mnt/workspace/fulan/test/qirp-sdk/toolchain/install_dir/sysroots/x86_64-qcomsdk-linux/usr/bin/cmake --install /local/mnt/workspace/fulan/demo_templ/qrb_ros_samples_fulan/robotics/sample_apriltag/build/sample_apriltag
