[0.136s] [34mcolcon[0m [1;30mDEBUG[0m [32mCommand line arguments: ['/local/mnt/workspace/fulan/test/qirp-sdk/toolchain/install_dir/sysroots/x86_64-qcomsdk-linux/usr/bin/colcon', 'build'][0m
[0.136s] [34mcolcon[0m [1;30mDEBUG[0m [32mParsed command line arguments: Namespace(log_base=None, log_level=None, verb_name='build', build_base='build', install_base='install', merge_install=False, symlink_install=False, test_result_base=None, continue_on_error=False, executor='parallel', parallel_workers=16, event_handlers=None, ignore_user_meta=False, metas=['./colcon.meta'], base_paths=['.'], packages_ignore=None, packages_ignore_regex=None, paths=None, packages_up_to=None, packages_up_to_regex=None, packages_above=None, packages_above_and_dependencies=None, packages_above_depth=None, packages_select_by_dep=None, packages_skip_by_dep=None, packages_skip_up_to=None, packages_select_build_failed=False, packages_skip_build_finished=False, packages_select_test_failures=False, packages_skip_test_passed=False, packages_select=None, packages_skip=None, packages_select_regex=None, packages_skip_regex=None, packages_start=None, packages_end=None, cmake_args=None, cmake_target=None, cmake_target_skip_unavailable=False, cmake_clean_cache=False, cmake_clean_first=False, cmake_force_configure=False, ament_cmake_args=None, catkin_cmake_args=None, catkin_skip_building_tests=False, verb_parser=<colcon_defaults.argument_parser.defaults.DefaultArgumentsDecorator object at 0x7f75e914c3e0>, verb_extension=<colcon_core.verb.build.BuildVerb object at 0x7f75e918d070>, main=<bound method BuildVerb.main of <colcon_core.verb.build.BuildVerb object at 0x7f75e918d070>>)[0m
[0.167s] [34mcolcon.colcon_core.package_discovery[0m [1;30mLevel 1[0m discover_packages(colcon_meta) check parameters
[0.167s] [34mcolcon.colcon_core.package_discovery[0m [1;30mLevel 1[0m discover_packages(recursive) check parameters
[0.167s] [34mcolcon.colcon_core.package_discovery[0m [1;30mLevel 1[0m discover_packages(ignore) check parameters
[0.167s] [34mcolcon.colcon_core.package_discovery[0m [1;30mLevel 1[0m discover_packages(path) check parameters
[0.168s] [34mcolcon.colcon_core.package_discovery[0m [1;30mLevel 1[0m discover_packages(colcon_meta) discover
[0.168s] [34mcolcon.colcon_core.package_discovery[0m [1;30mLevel 1[0m discover_packages(recursive) discover
[0.168s] [34mcolcon.colcon_core.package_discovery[0m [1;30mINFO[0m Crawling recursively for packages in '/local/mnt/workspace/fulan/demo_templ/qrb_ros_samples_fulan/robotics/sample_apriltag'
[0.168s] [34mcolcon.colcon_core.package_identification[0m [1;30mLevel 1[0m _identify(.) by extensions ['ignore', 'ignore_ament_install']
[0.168s] [34mcolcon.colcon_core.package_identification[0m [1;30mLevel 1[0m _identify(.) by extension 'ignore'
[0.168s] [34mcolcon.colcon_core.package_identification[0m [1;30mLevel 1[0m _identify(.) by extension 'ignore_ament_install'
[0.168s] [34mcolcon.colcon_core.package_identification[0m [1;30mLevel 1[0m _identify(.) by extensions ['colcon_pkg']
[0.168s] [34mcolcon.colcon_core.package_identification[0m [1;30mLevel 1[0m _identify(.) by extension 'colcon_pkg'
[0.168s] [34mcolcon.colcon_core.package_identification[0m [1;30mLevel 1[0m _identify(.) by extensions ['colcon_meta']
[0.168s] [34mcolcon.colcon_core.package_identification[0m [1;30mLevel 1[0m _identify(.) by extension 'colcon_meta'
[0.168s] [34mcolcon.colcon_core.package_identification[0m [1;30mLevel 1[0m _identify(.) by extensions ['ros']
[0.168s] [34mcolcon.colcon_core.package_identification[0m [1;30mLevel 1[0m _identify(.) by extension 'ros'
[0.191s] [34mcolcon.colcon_core.package_identification[0m [1;30mDEBUG[0m [32mPackage '.' with type 'ros.ament_cmake' and name 'sample_apriltag'[0m
[0.191s] [34mcolcon.colcon_core.package_discovery[0m [1;30mLevel 1[0m discover_packages(recursive) using defaults
[0.191s] [34mcolcon.colcon_core.package_discovery[0m [1;30mLevel 1[0m discover_packages(ignore) discover
[0.191s] [34mcolcon.colcon_core.package_discovery[0m [1;30mLevel 1[0m discover_packages(ignore) using defaults
[0.191s] [34mcolcon.colcon_core.package_discovery[0m [1;30mLevel 1[0m discover_packages(path) discover
[0.191s] [34mcolcon.colcon_core.package_discovery[0m [1;30mLevel 1[0m discover_packages(path) using defaults
[0.204s] [34mcolcon.colcon_core.verb[0m [1;30mLevel 5[0m set package 'sample_apriltag' build argument 'cmake_args' from command line to 'None'
[0.204s] [34mcolcon.colcon_core.verb[0m [1;30mLevel 5[0m set package 'sample_apriltag' build argument 'cmake_target' from command line to 'None'
[0.204s] [34mcolcon.colcon_core.verb[0m [1;30mLevel 5[0m set package 'sample_apriltag' build argument 'cmake_target_skip_unavailable' from command line to 'False'
[0.204s] [34mcolcon.colcon_core.verb[0m [1;30mLevel 5[0m set package 'sample_apriltag' build argument 'cmake_clean_cache' from command line to 'False'
[0.204s] [34mcolcon.colcon_core.verb[0m [1;30mLevel 5[0m set package 'sample_apriltag' build argument 'cmake_clean_first' from command line to 'False'
[0.204s] [34mcolcon.colcon_core.verb[0m [1;30mLevel 5[0m set package 'sample_apriltag' build argument 'cmake_force_configure' from command line to 'False'
[0.204s] [34mcolcon.colcon_core.verb[0m [1;30mLevel 5[0m set package 'sample_apriltag' build argument 'ament_cmake_args' from command line to 'None'
[0.204s] [34mcolcon.colcon_core.verb[0m [1;30mLevel 5[0m set package 'sample_apriltag' build argument 'catkin_cmake_args' from command line to 'None'
[0.204s] [34mcolcon.colcon_core.verb[0m [1;30mLevel 5[0m set package 'sample_apriltag' build argument 'catkin_skip_building_tests' from command line to 'False'
[0.204s] [34mcolcon.colcon_core.verb[0m [1;30mDEBUG[0m [32mBuilding package 'sample_apriltag' with the following arguments: {'ament_cmake_args': None, 'build_base': '/local/mnt/workspace/fulan/demo_templ/qrb_ros_samples_fulan/robotics/sample_apriltag/build/sample_apriltag', 'catkin_cmake_args': None, 'catkin_skip_building_tests': False, 'cmake_args': None, 'cmake_clean_cache': False, 'cmake_clean_first': False, 'cmake_force_configure': False, 'cmake_target': None, 'cmake_target_skip_unavailable': False, 'install_base': '/local/mnt/workspace/fulan/demo_templ/qrb_ros_samples_fulan/robotics/sample_apriltag/install/sample_apriltag', 'merge_install': False, 'path': '/local/mnt/workspace/fulan/demo_templ/qrb_ros_samples_fulan/robotics/sample_apriltag', 'symlink_install': False, 'test_result_base': None}[0m
[0.204s] [34mcolcon.colcon_core.executor[0m [1;30mINFO[0m Executing jobs using 'parallel' executor
[0.205s] [34mcolcon.colcon_parallel_executor.executor.parallel[0m [1;30mDEBUG[0m [32mrun_until_complete[0m
[0.205s] [34mcolcon.colcon_ros.task.ament_cmake.build[0m [1;30mINFO[0m Building ROS package in '/local/mnt/workspace/fulan/demo_templ/qrb_ros_samples_fulan/robotics/sample_apriltag' with build type 'ament_cmake'
[0.205s] [34mcolcon.colcon_cmake.task.cmake.build[0m [1;30mINFO[0m Building CMake package in '/local/mnt/workspace/fulan/demo_templ/qrb_ros_samples_fulan/robotics/sample_apriltag'
[0.206s] [34mcolcon.colcon_core.plugin_system[0m [1;30mINFO[0m Skipping extension 'colcon_core.shell.bat': Not used on non-Windows systems
[0.206s] [34mcolcon.colcon_core.shell[0m [1;30mDEBUG[0m [32mSkip shell extension 'dsv' for command environment[0m
[0.207s] [34mcolcon.colcon_ros.prefix_path.ament[0m [1;30mWARNING[0m [33mThe path '/local/mnt/workspace/fulan/test/qirp-sdk/toolchain/install_dir/sysroots/x86_64-qcomsdk-linux/usr' in the environment variable AMENT_PREFIX_PATH doesn't contain any 'local_setup.*' files.[0m
[0.212s] [34mcolcon.colcon_core.event_handler.log_command[0m [1;30mDEBUG[0m [32mInvoking command in '/local/mnt/workspace/fulan/demo_templ/qrb_ros_samples_fulan/robotics/sample_apriltag/build/sample_apriltag': AS=aarch64-qcom-linux-as CFLAGS= -O2 -pipe -g -feliminate-unused-debug-types CMAKE_PREFIX_PATH=/local/mnt/workspace/fulan/test/qirp-sdk/toolchain/install_dir/sysroots/x86_64-qcomsdk-linux/usr:/local/mnt/workspace/fulan/test/qirp-sdk/toolchain/install_dir/sysroots/armv8-2a-qcom-linux/usr CXXFLAGS= -O2 -pipe -g -feliminate-unused-debug-types _=/usr/bin/env /local/mnt/workspace/fulan/test/qirp-sdk/toolchain/install_dir/sysroots/x86_64-qcomsdk-linux/usr/bin/cmake /local/mnt/workspace/fulan/demo_templ/qrb_ros_samples_fulan/robotics/sample_apriltag -DCMAKE_INSTALL_PREFIX=/local/mnt/workspace/fulan/demo_templ/qrb_ros_samples_fulan/robotics/sample_apriltag/install/sample_apriltag[0m
[3.272s] [34mcolcon.colcon_core.event_handler.log_command[0m [1;30mDEBUG[0m [32mInvoked command in '/local/mnt/workspace/fulan/demo_templ/qrb_ros_samples_fulan/robotics/sample_apriltag/build/sample_apriltag' returned '0': AS=aarch64-qcom-linux-as CFLAGS= -O2 -pipe -g -feliminate-unused-debug-types CMAKE_PREFIX_PATH=/local/mnt/workspace/fulan/test/qirp-sdk/toolchain/install_dir/sysroots/x86_64-qcomsdk-linux/usr:/local/mnt/workspace/fulan/test/qirp-sdk/toolchain/install_dir/sysroots/armv8-2a-qcom-linux/usr CXXFLAGS= -O2 -pipe -g -feliminate-unused-debug-types _=/usr/bin/env /local/mnt/workspace/fulan/test/qirp-sdk/toolchain/install_dir/sysroots/x86_64-qcomsdk-linux/usr/bin/cmake /local/mnt/workspace/fulan/demo_templ/qrb_ros_samples_fulan/robotics/sample_apriltag -DCMAKE_INSTALL_PREFIX=/local/mnt/workspace/fulan/demo_templ/qrb_ros_samples_fulan/robotics/sample_apriltag/install/sample_apriltag[0m
[3.273s] [34mcolcon.colcon_core.event_handler.log_command[0m [1;30mDEBUG[0m [32mInvoking command in '/local/mnt/workspace/fulan/demo_templ/qrb_ros_samples_fulan/robotics/sample_apriltag/build/sample_apriltag': AS=aarch64-qcom-linux-as CFLAGS= -O2 -pipe -g -feliminate-unused-debug-types CMAKE_PREFIX_PATH=/local/mnt/workspace/fulan/test/qirp-sdk/toolchain/install_dir/sysroots/x86_64-qcomsdk-linux/usr:/local/mnt/workspace/fulan/test/qirp-sdk/toolchain/install_dir/sysroots/armv8-2a-qcom-linux/usr CXXFLAGS= -O2 -pipe -g -feliminate-unused-debug-types _=/usr/bin/env /local/mnt/workspace/fulan/test/qirp-sdk/toolchain/install_dir/sysroots/x86_64-qcomsdk-linux/usr/bin/cmake --build /local/mnt/workspace/fulan/demo_templ/qrb_ros_samples_fulan/robotics/sample_apriltag/build/sample_apriltag -- -j16 -l16[0m
[3.284s] [34mcolcon.colcon_core.event_handler.log_command[0m [1;30mDEBUG[0m [32mInvoked command in '/local/mnt/workspace/fulan/demo_templ/qrb_ros_samples_fulan/robotics/sample_apriltag/build/sample_apriltag' returned '0': AS=aarch64-qcom-linux-as CFLAGS= -O2 -pipe -g -feliminate-unused-debug-types CMAKE_PREFIX_PATH=/local/mnt/workspace/fulan/test/qirp-sdk/toolchain/install_dir/sysroots/x86_64-qcomsdk-linux/usr:/local/mnt/workspace/fulan/test/qirp-sdk/toolchain/install_dir/sysroots/armv8-2a-qcom-linux/usr CXXFLAGS= -O2 -pipe -g -feliminate-unused-debug-types _=/usr/bin/env /local/mnt/workspace/fulan/test/qirp-sdk/toolchain/install_dir/sysroots/x86_64-qcomsdk-linux/usr/bin/cmake --build /local/mnt/workspace/fulan/demo_templ/qrb_ros_samples_fulan/robotics/sample_apriltag/build/sample_apriltag -- -j16 -l16[0m
[3.297s] [34mcolcon.colcon_core.event_handler.log_command[0m [1;30mDEBUG[0m [32mInvoking command in '/local/mnt/workspace/fulan/demo_templ/qrb_ros_samples_fulan/robotics/sample_apriltag/build/sample_apriltag': AS=aarch64-qcom-linux-as CFLAGS= -O2 -pipe -g -feliminate-unused-debug-types CMAKE_PREFIX_PATH=/local/mnt/workspace/fulan/test/qirp-sdk/toolchain/install_dir/sysroots/x86_64-qcomsdk-linux/usr:/local/mnt/workspace/fulan/test/qirp-sdk/toolchain/install_dir/sysroots/armv8-2a-qcom-linux/usr CXXFLAGS= -O2 -pipe -g -feliminate-unused-debug-types _=/usr/bin/env /local/mnt/workspace/fulan/test/qirp-sdk/toolchain/install_dir/sysroots/x86_64-qcomsdk-linux/usr/bin/cmake --install /local/mnt/workspace/fulan/demo_templ/qrb_ros_samples_fulan/robotics/sample_apriltag/build/sample_apriltag[0m
[3.301s] [34mcolcon.colcon_core.environment[0m [1;30mLevel 1[0m create_environment_scripts_only(sample_apriltag)
[3.302s] [34mcolcon.colcon_core.event_handler.log_command[0m [1;30mDEBUG[0m [32mInvoked command in '/local/mnt/workspace/fulan/demo_templ/qrb_ros_samples_fulan/robotics/sample_apriltag/build/sample_apriltag' returned '0': AS=aarch64-qcom-linux-as CFLAGS= -O2 -pipe -g -feliminate-unused-debug-types CMAKE_PREFIX_PATH=/local/mnt/workspace/fulan/test/qirp-sdk/toolchain/install_dir/sysroots/x86_64-qcomsdk-linux/usr:/local/mnt/workspace/fulan/test/qirp-sdk/toolchain/install_dir/sysroots/armv8-2a-qcom-linux/usr CXXFLAGS= -O2 -pipe -g -feliminate-unused-debug-types _=/usr/bin/env /local/mnt/workspace/fulan/test/qirp-sdk/toolchain/install_dir/sysroots/x86_64-qcomsdk-linux/usr/bin/cmake --install /local/mnt/workspace/fulan/demo_templ/qrb_ros_samples_fulan/robotics/sample_apriltag/build/sample_apriltag[0m
[3.304s] [34mcolcon.colcon_core.environment[0m [1;30mLevel 1[0m checking '/local/mnt/workspace/fulan/demo_templ/qrb_ros_samples_fulan/robotics/sample_apriltag/install/sample_apriltag' for CMake module files
[3.304s] [34mcolcon.colcon_core.environment[0m [1;30mLevel 1[0m checking '/local/mnt/workspace/fulan/demo_templ/qrb_ros_samples_fulan/robotics/sample_apriltag/install/sample_apriltag' for CMake config files
[3.304s] [34mcolcon.colcon_core.shell[0m [1;30mLevel 1[0m create_environment_hook('sample_apriltag', 'cmake_prefix_path')
[3.305s] [34mcolcon.colcon_core.shell[0m [1;30mINFO[0m Creating environment descriptor '/local/mnt/workspace/fulan/demo_templ/qrb_ros_samples_fulan/robotics/sample_apriltag/install/sample_apriltag/share/sample_apriltag/hook/cmake_prefix_path.dsv'
[3.305s] [34mcolcon.colcon_core.shell[0m [1;30mINFO[0m Creating environment hook '/local/mnt/workspace/fulan/demo_templ/qrb_ros_samples_fulan/robotics/sample_apriltag/install/sample_apriltag/share/sample_apriltag/hook/cmake_prefix_path.sh'
[3.306s] [34mcolcon.colcon_core.environment[0m [1;30mLevel 1[0m checking '/local/mnt/workspace/fulan/demo_templ/qrb_ros_samples_fulan/robotics/sample_apriltag/install/sample_apriltag/bin'
[3.306s] [34mcolcon.colcon_core.environment[0m [1;30mLevel 1[0m checking '/local/mnt/workspace/fulan/demo_templ/qrb_ros_samples_fulan/robotics/sample_apriltag/install/sample_apriltag/lib/pkgconfig/sample_apriltag.pc'
[3.307s] [34mcolcon.colcon_core.environment[0m [1;30mLevel 1[0m checking '/local/mnt/workspace/fulan/demo_templ/qrb_ros_samples_fulan/robotics/sample_apriltag/install/sample_apriltag/lib/python3.12/site-packages'
[3.307s] [34mcolcon.colcon_core.environment[0m [1;30mLevel 1[0m checking '/local/mnt/workspace/fulan/demo_templ/qrb_ros_samples_fulan/robotics/sample_apriltag/install/sample_apriltag/bin'
[3.307s] [34mcolcon.colcon_core.shell[0m [1;30mINFO[0m Creating package descriptor '/local/mnt/workspace/fulan/demo_templ/qrb_ros_samples_fulan/robotics/sample_apriltag/install/sample_apriltag/share/sample_apriltag/package.dsv'
[3.308s] [34mcolcon.colcon_core.shell[0m [1;30mINFO[0m Creating package script '/local/mnt/workspace/fulan/demo_templ/qrb_ros_samples_fulan/robotics/sample_apriltag/install/sample_apriltag/share/sample_apriltag/package.sh'
[3.308s] [34mcolcon.colcon_core.shell[0m [1;30mINFO[0m Creating package script '/local/mnt/workspace/fulan/demo_templ/qrb_ros_samples_fulan/robotics/sample_apriltag/install/sample_apriltag/share/sample_apriltag/package.bash'
[3.309s] [34mcolcon.colcon_core.environment[0m [1;30mLevel 1[0m create_file_with_runtime_dependencies(/local/mnt/workspace/fulan/demo_templ/qrb_ros_samples_fulan/robotics/sample_apriltag/install/sample_apriltag/share/colcon-core/packages/sample_apriltag)
[3.320s] [34mcolcon.colcon_core.environment[0m [1;30mLevel 1[0m create_environment_scripts_only(sample_apriltag)
[3.320s] [34mcolcon.colcon_core.environment[0m [1;30mLevel 1[0m checking '/local/mnt/workspace/fulan/demo_templ/qrb_ros_samples_fulan/robotics/sample_apriltag/install/sample_apriltag' for CMake module files
[3.321s] [34mcolcon.colcon_core.environment[0m [1;30mLevel 1[0m checking '/local/mnt/workspace/fulan/demo_templ/qrb_ros_samples_fulan/robotics/sample_apriltag/install/sample_apriltag' for CMake config files
[3.321s] [34mcolcon.colcon_core.shell[0m [1;30mLevel 1[0m create_environment_hook('sample_apriltag', 'cmake_prefix_path')
[3.321s] [34mcolcon.colcon_core.shell[0m [1;30mINFO[0m Creating environment descriptor '/local/mnt/workspace/fulan/demo_templ/qrb_ros_samples_fulan/robotics/sample_apriltag/install/sample_apriltag/share/sample_apriltag/hook/cmake_prefix_path.dsv'
[3.322s] [34mcolcon.colcon_core.shell[0m [1;30mINFO[0m Creating environment hook '/local/mnt/workspace/fulan/demo_templ/qrb_ros_samples_fulan/robotics/sample_apriltag/install/sample_apriltag/share/sample_apriltag/hook/cmake_prefix_path.sh'
[3.322s] [34mcolcon.colcon_core.environment[0m [1;30mLevel 1[0m checking '/local/mnt/workspace/fulan/demo_templ/qrb_ros_samples_fulan/robotics/sample_apriltag/install/sample_apriltag/bin'
[3.322s] [34mcolcon.colcon_core.environment[0m [1;30mLevel 1[0m checking '/local/mnt/workspace/fulan/demo_templ/qrb_ros_samples_fulan/robotics/sample_apriltag/install/sample_apriltag/lib/pkgconfig/sample_apriltag.pc'
[3.322s] [34mcolcon.colcon_core.environment[0m [1;30mLevel 1[0m checking '/local/mnt/workspace/fulan/demo_templ/qrb_ros_samples_fulan/robotics/sample_apriltag/install/sample_apriltag/lib/python3.12/site-packages'
[3.323s] [34mcolcon.colcon_core.environment[0m [1;30mLevel 1[0m checking '/local/mnt/workspace/fulan/demo_templ/qrb_ros_samples_fulan/robotics/sample_apriltag/install/sample_apriltag/bin'
[3.323s] [34mcolcon.colcon_core.shell[0m [1;30mINFO[0m Creating package descriptor '/local/mnt/workspace/fulan/demo_templ/qrb_ros_samples_fulan/robotics/sample_apriltag/install/sample_apriltag/share/sample_apriltag/package.dsv'
[3.323s] [34mcolcon.colcon_core.shell[0m [1;30mINFO[0m Creating package script '/local/mnt/workspace/fulan/demo_templ/qrb_ros_samples_fulan/robotics/sample_apriltag/install/sample_apriltag/share/sample_apriltag/package.sh'
[3.324s] [34mcolcon.colcon_core.shell[0m [1;30mINFO[0m Creating package script '/local/mnt/workspace/fulan/demo_templ/qrb_ros_samples_fulan/robotics/sample_apriltag/install/sample_apriltag/share/sample_apriltag/package.bash'
[3.324s] [34mcolcon.colcon_core.environment[0m [1;30mLevel 1[0m create_file_with_runtime_dependencies(/local/mnt/workspace/fulan/demo_templ/qrb_ros_samples_fulan/robotics/sample_apriltag/install/sample_apriltag/share/colcon-core/packages/sample_apriltag)
[3.324s] [34mcolcon.colcon_parallel_executor.executor.parallel[0m [1;30mDEBUG[0m [32mclosing loop[0m
[3.325s] [34mcolcon.colcon_parallel_executor.executor.parallel[0m [1;30mDEBUG[0m [32mloop closed[0m
[3.325s] [34mcolcon.colcon_parallel_executor.executor.parallel[0m [1;30mDEBUG[0m [32mrun_until_complete finished with '0'[0m
[3.325s] [34mcolcon.colcon_core.event_reactor[0m [1;30mDEBUG[0m [32mjoining thread[0m
[3.325s] [34mcolcon.colcon_core.event_reactor[0m [1;30mDEBUG[0m [32mjoined thread[0m
[3.325s] [34mcolcon.colcon_core.shell[0m [1;30mINFO[0m Creating prefix script '/local/mnt/workspace/fulan/demo_templ/qrb_ros_samples_fulan/robotics/sample_apriltag/install/local_setup.sh'
[3.326s] [34mcolcon.colcon_core.shell[0m [1;30mINFO[0m Creating prefix util module '/local/mnt/workspace/fulan/demo_templ/qrb_ros_samples_fulan/robotics/sample_apriltag/install/_local_setup_util_sh.py'
[3.327s] [34mcolcon.colcon_core.shell[0m [1;30mINFO[0m Creating prefix chain script '/local/mnt/workspace/fulan/demo_templ/qrb_ros_samples_fulan/robotics/sample_apriltag/install/setup.sh'
[3.328s] [34mcolcon.colcon_core.shell[0m [1;30mINFO[0m Creating prefix script '/local/mnt/workspace/fulan/demo_templ/qrb_ros_samples_fulan/robotics/sample_apriltag/install/local_setup.bash'
[3.328s] [34mcolcon.colcon_core.shell[0m [1;30mINFO[0m Creating prefix chain script '/local/mnt/workspace/fulan/demo_templ/qrb_ros_samples_fulan/robotics/sample_apriltag/install/setup.bash'
